Attaching 3 probes...
88     systemd-journal  232       
88     systemd-journal  0         
88     systemd-journal  21        
88     systemd-journal  186       
88     systemd-journal  232       
88     systemd-journal  0         
88     systemd-journal  21        
88     systemd-journal  186       
88     systemd-journal  232       
88     systemd-journal  0         
88     systemd-journal  21        
88     systemd-journal  186       
88     systemd-journal  232       
88     systemd-journal  0         
88     systemd-journal  77        
88     systemd-journal  186       
88     systemd-journal  286       
175    ls               59        
175    ls               12        
175    ls               158       
175    ls               21        
175    ls               257       
175    ls               5         
175    ls               9         
175    ls               3         
175    ls               257       
175    ls               0         
175    ls               5         
175    ls               9         
175    ls               9         
175    ls               9         
175    ls               9         
175    ls               9         
175    ls               3         
175    ls               257       
175    ls               0         
175    ls               17        
175    ls               17        
175    ls               17        
175    ls               5         
175    ls               17        
175    ls               17        
175    ls               17        
175    ls               9         
175    ls               10        
175    ls               9         
175    ls               9         
175    ls               9         
175    ls               9         
175    ls               3         
175    ls               9         
175    ls               158       
175    ls               10        
175    ls               10        
175    ls               10        
175    ls               10        
175    ls               11        
175    ls               157       
175    ls               157       
175    ls               157       
175    ls               157       
175    ls               157       
175    ls               157       
175    ls               12        
175    ls               12        
175    ls               16        
175    ls               16        
175    ls               257       
175    ls               5         
175    ls               217       
175    ls               217       
175    ls               3         
175    ls               5         
175    ls               16        
175    ls               1         
175    ls               1         
175    ls               3         
175    ls               3         
88     systemd-journal  232       
88     systemd-journal  0         
88     systemd-journal  186       
88     systemd-journal  286       
176    mkdir            59        
176    mkdir            12        
176    mkdir            158       
176    mkdir            21        
176    mkdir            257       
176    mkdir            5         
176    mkdir            9         
176    mkdir            3         
176    mkdir            257       
176    mkdir            0         
176    mkdir            17        
176    mkdir            17        
176    mkdir            17        
176    mkdir            5         
176    mkdir            9         
176    mkdir            17        
176    mkdir            17        
176    mkdir            17        
176    mkdir            9         
176    mkdir            10        
176    mkdir            9         
176    mkdir            9         
176    mkdir            9         
176    mkdir            9         
176    mkdir            3         
176    mkdir            158       
176    mkdir            10        
176    mkdir            10        
176    mkdir            10        
176    mkdir            11        
176    mkdir            12        
176    mkdir            12        
176    mkdir            83        
176    mkdir            3         
176    mkdir            3         
88     systemd-journal  232       
88     systemd-journal  0         
88     systemd-journal  0         
88     systemd-journal  0         
88     systemd-journal  0         
88     systemd-journal  0         
88     systemd-journal  0         
88     systemd-journal  0         
88     systemd-journal  0         
88     systemd-journal  0         
88     systemd-journal  0         



